<?xml version="1.0" encoding="UTF-8"?>
<testsuite name="com.example.appengine.java8.HelloAppEngineTest" tests="2" skipped="0" failures="0" errors="0" timestamp="2020-01-14T16:11:55" hostname="L-DEA-DA110613" time="0.227">
  <properties/>
  <testcase name="helloInfoTest" classname="com.example.appengine.java8.HelloAppEngineTest" time="0.221"/>
  <testcase name="doGetWritesResponse" classname="com.example.appengine.java8.HelloAppEngineTest" time="0.005"/>
  <system-out><![CDATA[]]></system-out>
  <system-err><![CDATA[]]></system-err>
</testsuite>
